2023-06-24 11:21:07 [INFO] Server is running on Port: 3999 
2023-06-24 11:21:23 [ERROR] [object Object] 
2023-06-24 11:21:24 [ERROR] [object Object] 
2023-06-24 11:22:24 [INFO] SIGTERM signal received. 
2023-06-24 11:22:25 [INFO] Server is running on Port: 3999 
2023-06-24 11:22:30 [ERROR] [object Object] 
2023-06-24 11:22:30 [ERROR] [object Object] 
2023-06-24 11:23:42 [INFO] SIGTERM signal received. 
2023-06-24 11:23:43 [INFO] Server is running on Port: 3999 
2023-06-24 11:23:43 [INFO] SIGTERM signal received. 
2023-06-24 11:23:44 [INFO] Server is running on Port: 3999 
2023-06-24 11:23:49 [ERROR] [object Object] 
2023-06-24 11:23:49 [ERROR] [object Object] 
2023-06-24 11:24:26 [INFO] SIGTERM signal received. 
2023-06-24 11:24:26 [INFO] Server is running on Port: 3999 
2023-06-24 11:24:30 [INFO] SIGTERM signal received. 
2023-06-24 11:24:30 [INFO] Server is running on Port: 3999 
2023-06-24 11:24:33 [ERROR] [object Object] 
2023-06-24 11:24:34 [ERROR] [object Object] 
2023-06-24 11:24:53 [INFO] SIGTERM signal received. 
2023-06-24 11:24:54 [INFO] Server is running on Port: 3999 
2023-06-24 11:24:58 [ERROR] undefined 
2023-06-24 11:24:58 [ERROR] undefined 
2023-06-24 11:25:35 [ERROR] undefined 
2023-06-24 11:25:36 [ERROR] undefined 
2023-06-24 11:25:45 [INFO] SIGTERM signal received. 
2023-06-24 11:25:46 [INFO] Server is running on Port: 3999 
2023-06-24 11:25:46 [ERROR] undefined 
2023-06-24 11:25:46 [ERROR] undefined 
2023-06-24 11:25:50 [ERROR] undefined 
2023-06-24 11:25:50 [ERROR] undefined 
2023-06-24 11:26:38 [INFO] SIGTERM signal received. 
2023-06-24 11:26:39 [INFO] Server is running on Port: 3999 
2023-06-24 11:29:47 [INFO] SIGTERM signal received. 
2023-06-24 11:29:47 [INFO] Server is running on Port: 3999 
2023-06-24 11:35:45 [INFO] SIGTERM signal received. 
2023-06-24 11:35:45 [INFO] Server is running on Port: 3999 
2023-06-24 11:36:04 [INFO] SIGTERM signal received. 
2023-06-24 11:36:04 [INFO] Server is running on Port: 3999 
2023-06-24 11:39:33 [INFO] SIGTERM signal received. 
2023-06-24 11:39:33 [INFO] Server is running on Port: 3999 
2023-06-24 11:39:37 [INFO] SIGTERM signal received. 
2023-06-24 11:39:37 [INFO] Server is running on Port: 3999 
2023-06-24 11:40:04 [INFO] SIGTERM signal received. 
2023-06-24 11:40:05 [INFO] Server is running on Port: 3999 
2023-06-24 11:41:09 [INFO] SIGTERM signal received. 
2023-06-24 11:41:09 [INFO] Server is running on Port: 3999 
2023-06-24 11:45:40 [INFO] SIGTERM signal received. 
2023-06-24 11:45:41 [INFO] Server is running on Port: 3999 
2023-06-24 11:45:43 [INFO] SIGTERM signal received. 
2023-06-24 11:45:43 [INFO] Server is running on Port: 3999 
2023-06-24 11:45:46 [INFO] SIGTERM signal received. 
2023-06-24 11:45:46 [INFO] Server is running on Port: 3999 
2023-06-24 11:46:15 [INFO] SIGTERM signal received. 
2023-06-24 11:46:16 [INFO] Server is running on Port: 3999 
2023-06-24 12:25:17 [INFO] SIGTERM signal received. 
2023-06-24 12:25:17 [INFO] Server is running on Port: 3999 
2023-06-24 12:25:45 [INFO] SIGTERM signal received. 
2023-06-24 12:25:46 [INFO] Server is running on Port: 3999 
2023-06-24 12:26:02 [INFO] SIGTERM signal received. 
2023-06-24 12:26:03 [INFO] Server is running on Port: 3999 
2023-06-24 12:26:15 [INFO] SIGTERM signal received. 
2023-06-24 12:26:16 [INFO] Server is running on Port: 3999 
2023-06-24 12:26:37 [INFO] SIGTERM signal received. 
2023-06-24 12:26:38 [INFO] Server is running on Port: 3999 
2023-06-24 12:26:39 [INFO] [object Object] 
2023-06-24 12:26:53 [INFO] SIGTERM signal received. 
2023-06-24 12:26:54 [INFO] Server is running on Port: 3999 
2023-06-24 12:26:55 [INFO] 8Dyk53RrtmN3MshQxxWdfTRco9sQJzUHSqkUg8chbe88 
2023-06-24 12:28:29 [INFO] SIGTERM signal received. 
2023-06-24 12:28:32 [INFO] Server is running on Port: 3999 
2023-06-24 12:28:51 [INFO] SIGTERM signal received. 
2023-06-24 12:28:52 [INFO] Server is running on Port: 3999 
2023-06-24 12:29:27 [INFO] SIGTERM signal received. 
2023-06-24 12:29:27 [INFO] Server is running on Port: 3999 
2023-06-24 14:06:06 [INFO] Server is running on Port: 3999 
2023-06-24 14:06:54 [INFO] SIGTERM signal received. 
2023-06-24 14:06:55 [INFO] Server is running on Port: 3999 
2023-06-24 14:09:14 [INFO] SIGTERM signal received. 
2023-06-24 14:09:14 [INFO] Server is running on Port: 3999 
2023-06-24 14:14:35 [INFO] SIGTERM signal received. 
2023-06-24 14:14:35 [INFO] Server is running on Port: 3999 
2023-06-24 14:15:56 [INFO] next-auth.session-token=eyJhbGciOiJkaXIiLCJlbmMiOiJBMjU2R0NNIn0..eAgLNx0pH39foAjX.rIc6leyXpdr34QBlQQ_tMH3oSnbQMoon2_b8oErFszZmW4oakF5TDcKvZft8VfZXS_vkE5gVv69oPCauV2GT-2Q8El77D946Hb_lRQA9HLzQYMWvYc7S1Qv46w6PncfGJQnGmOHat2nec2-Bo9KeYF_OEptgXdO-ldDDkVc57beukdUQuwU.dc_MlD2m4ROyMnGawFu4Tw 
2023-06-24 14:16:26 [INFO] SIGTERM signal received. 
2023-06-24 14:16:26 [INFO] Server is running on Port: 3999 
2023-06-24 14:16:28 [INFO] undefined 
2023-06-24 14:19:15 [INFO] SIGTERM signal received. 
2023-06-24 14:19:16 [INFO] Server is running on Port: 3999 
2023-06-24 14:19:22 [INFO] SIGTERM signal received. 
2023-06-24 14:19:22 [INFO] Server is running on Port: 3999 
2023-06-24 14:19:28 [INFO] [object Object] 
2023-06-24 14:20:26 [INFO] SIGTERM signal received. 
2023-06-24 14:20:27 [INFO] Server is running on Port: 3999 
2023-06-24 14:20:45 [INFO] SIGTERM signal received. 
2023-06-24 14:20:46 [INFO] Server is running on Port: 3999 
2023-06-24 14:20:50 [INFO] [object Object] 
2023-06-24 14:21:02 [INFO] SIGTERM signal received. 
2023-06-24 14:21:02 [INFO] Server is running on Port: 3999 
2023-06-24 14:21:02 [INFO] [object Object] 
2023-06-24 14:21:02 [INFO] [object Object] 
2023-06-24 14:21:08 [INFO] SIGTERM signal received. 
2023-06-24 14:21:09 [INFO] Server is running on Port: 3999 
2023-06-24 14:21:09 [INFO] [object Object] 
2023-06-24 14:21:09 [INFO] undefined 
2023-06-24 14:21:16 [INFO] SIGTERM signal received. 
2023-06-24 14:21:16 [INFO] Server is running on Port: 3999 
2023-06-24 14:21:17 [INFO] [object Object] 
2023-06-24 14:21:17 [INFO] [object Object] 
2023-06-24 14:21:20 [INFO] [object Object] 
2023-06-24 14:21:20 [INFO] [object Object] 
2023-06-24 14:21:25 [INFO] SIGTERM signal received. 
2023-06-24 14:21:26 [INFO] Server is running on Port: 3999 
2023-06-24 14:21:26 [INFO] [object Object] 
2023-06-24 14:21:26 [INFO] undefined 
2023-06-24 14:22:00 [INFO] SIGTERM signal received. 
2023-06-24 14:22:00 [INFO] Server is running on Port: 3999 
2023-06-24 14:22:03 [INFO] [object Object] 
2023-06-24 14:22:19 [INFO] Server is running on Port: 3999 
2023-06-24 14:22:21 [INFO] [object Object] 
2023-06-24 14:22:57 [INFO] SIGTERM signal received. 
2023-06-24 14:22:58 [INFO] Server is running on Port: 3999 
2023-06-24 14:23:00 [INFO] undefined8Dyk53RrtmN3MshQxxWdfTRco9sQJzUHSqkUg8chbe88 
2023-06-24 14:23:22 [INFO] SIGTERM signal received. 
2023-06-24 14:23:23 [INFO] Server is running on Port: 3999 
2023-06-24 14:23:25 [ERROR] Cannot set properties of undefined (setting 'address') 
TypeError: Cannot set properties of undefined (setting 'address')
    at <anonymous> (/Users/sahilpabale/Documents/rust_projs/soap-dispenser/apps/api/src/middlewares/authHandler.ts:22:18)
2023-06-24 14:25:44 [INFO] SIGTERM signal received. 
2023-06-24 14:25:45 [INFO] Server is running on Port: 3999 
2023-06-24 14:25:47 [INFO] SIGTERM signal received. 
2023-06-24 14:25:47 [INFO] Server is running on Port: 3999 
2023-06-24 14:25:52 [INFO] SIGTERM signal received. 
2023-06-24 14:25:52 [INFO] Server is running on Port: 3999 
2023-06-24 14:25:54 [INFO] SIGTERM signal received. 
2023-06-24 14:25:54 [INFO] Server is running on Port: 3999 
2023-06-24 14:26:31 [INFO] SIGTERM signal received. 
2023-06-24 14:26:32 [INFO] Server is running on Port: 3999 
2023-06-24 14:27:26 [INFO] SIGTERM signal received. 
2023-06-24 14:27:26 [INFO] Server is running on Port: 3999 
2023-06-24 14:28:09 [INFO] SIGTERM signal received. 
2023-06-24 14:28:09 [INFO] Server is running on Port: 3999 
2023-06-24 14:29:04 [INFO] SIGTERM signal received. 
2023-06-24 14:29:05 [INFO] Server is running on Port: 3999 
2023-06-24 14:29:20 [INFO] 8Dyk53RrtmN3MshQxxWdfTRco9sQJzUHSqkUg8chbe88 
2023-06-24 14:32:04 [INFO] 8Dyk53RrtmN3MshQxxWdfTRco9sQJzUHSqkUg8chbe88 
2023-06-24 14:32:12 [INFO] 8Dyk53RrtmN3MshQxxWdfTRco9sQJzUHSqkUg8chbe88 
2023-06-24 23:08:42 [INFO] Server is running on Port: 3999 
2023-06-24 23:09:33 [INFO] [object Object] 
2023-06-24 23:10:03 [INFO] SIGTERM signal received. 
2023-06-24 23:10:03 [INFO] Closing server. 
2023-06-24 23:10:04 [INFO] Server is running on Port: 3999 
2023-06-24 23:10:06 [INFO] [object Object] 
2023-06-24 23:10:58 [INFO] SIGTERM signal received. 
2023-06-24 23:10:58 [INFO] Server is running on Port: 3999 
2023-06-24 23:11:02 [INFO] [object Object] 
2023-06-24 23:11:07 [INFO] SIGTERM signal received. 
2023-06-24 23:11:08 [INFO] Server is running on Port: 3999 
2023-06-24 23:11:17 [INFO] SIGTERM signal received. 
2023-06-24 23:11:17 [INFO] Server is running on Port: 3999 
2023-06-24 23:11:31 [INFO] [object Object] 
2023-06-24 23:11:37 [INFO] Server is running on Port: 3999 
2023-06-24 23:13:49 [INFO] SIGTERM signal received. 
2023-06-24 23:13:49 [INFO] Closing server. 
2023-06-24 23:13:50 [INFO] Server is running on Port: 3999 
2023-06-24 23:14:38 [INFO] SIGTERM signal received. 
2023-06-24 23:14:38 [INFO] Server is running on Port: 3999 
2023-06-24 23:14:58 [INFO] SIGTERM signal received. 
2023-06-24 23:14:58 [INFO] Server is running on Port: 3999 
2023-06-24 23:15:12 [INFO] SIGTERM signal received. 
2023-06-24 23:15:13 [INFO] Server is running on Port: 3999 
2023-06-24 23:15:22 [INFO] SIGTERM signal received. 
2023-06-24 23:15:23 [INFO] Server is running on Port: 3999 
2023-06-24 23:15:30 [INFO] SIGTERM signal received. 
2023-06-24 23:15:30 [INFO] Server is running on Port: 3999 
2023-06-24 23:15:46 [INFO] SIGTERM signal received. 
2023-06-24 23:15:47 [INFO] Server is running on Port: 3999 
2023-06-24 23:16:05 [INFO] Server is running on Port: 3999 
2023-06-24 23:17:09 [INFO] SIGTERM signal received. 
2023-06-24 23:17:10 [INFO] Server is running on Port: 3999 
2023-06-24 23:17:56 [INFO] SIGTERM signal received. 
2023-06-24 23:17:57 [INFO] Server is running on Port: 3999 
2023-06-24 23:18:02 [INFO] Server is running on Port: 3999 
2023-06-24 23:22:09 [INFO] SIGTERM signal received. 
2023-06-24 23:22:10 [INFO] Server is running on Port: 3999 
2023-06-24 23:22:14 [INFO] SIGTERM signal received. 
2023-06-24 23:22:14 [INFO] Server is running on Port: 3999 
2023-06-24 23:22:29 [INFO] SIGTERM signal received. 
2023-06-24 23:22:30 [INFO] Server is running on Port: 3999 
2023-06-24 23:22:37 [INFO] Server is running on Port: 3999 
2023-06-24 23:23:00 [INFO] Image stored with CID: bafkreihlaroxruttcbzurmbqbqa5fg3vkllcfk54n6xydm7mku2zvkmvbq 
2023-06-24 23:27:35 [INFO] SIGTERM signal received. 
2023-06-24 23:27:36 [INFO] Server is running on Port: 3999 
2023-06-24 23:27:51 [INFO] [object Object] 
2023-06-24 23:28:01 [INFO] SIGTERM signal received. 
2023-06-24 23:28:01 [INFO] Closing server. 
2023-06-24 23:28:02 [INFO] Server is running on Port: 3999 
2023-06-24 23:28:02 [INFO] Server closed. 
2023-06-24 23:33:07 [INFO] SIGTERM signal received. 
2023-06-24 23:33:08 [INFO] Server is running on Port: 3999 
2023-06-24 23:33:12 [INFO] SIGTERM signal received. 
2023-06-24 23:33:12 [INFO] Server is running on Port: 3999 
2023-06-24 23:33:14 [INFO] SIGTERM signal received. 
2023-06-24 23:33:15 [INFO] Server is running on Port: 3999 
2023-06-24 23:34:30 [INFO] SIGTERM signal received. 
2023-06-24 23:34:31 [INFO] Server is running on Port: 3999 
2023-06-24 23:34:46 [INFO] SIGTERM signal received. 
2023-06-24 23:34:47 [INFO] Server is running on Port: 3999 
2023-06-24 23:37:58 [INFO] SIGTERM signal received. 
2023-06-24 23:37:59 [INFO] Server is running on Port: 3999 
2023-06-24 23:41:20 [INFO] SIGTERM signal received. 
2023-06-24 23:41:21 [INFO] Server is running on Port: 3999 
2023-06-24 23:42:56 [INFO] SIGTERM signal received. 
2023-06-24 23:42:57 [INFO] Server is running on Port: 3999 
2023-06-24 23:43:12 [INFO] SIGTERM signal received. 
2023-06-24 23:43:12 [INFO] Server is running on Port: 3999 
2023-06-24 23:43:24 [INFO] SIGTERM signal received. 
2023-06-24 23:43:25 [INFO] Server is running on Port: 3999 
2023-06-24 23:43:43 [INFO] Server is running on Port: 3999 
2023-06-24 23:43:54 [INFO] Image stored with CID: bafkreidh43prlbyahq2tvb3i6272hzb3f3sabiqkncnlwh754x5ahe7ple 
2023-06-24 23:44:09 [INFO] Server is running on Port: 3999 
2023-06-24 23:50:50 [INFO] SIGTERM signal received. 
2023-06-24 23:50:51 [INFO] Server is running on Port: 3999 
2023-06-24 23:51:07 [INFO] SIGTERM signal received. 
2023-06-24 23:51:08 [INFO] Server is running on Port: 3999 
2023-06-24 23:51:28 [INFO] Image stored with CID: https://ipfs.io/ipfs/bafkreidh43prlbyahq2tvb3i6272hzb3f3sabiqkncnlwh754x5ahe7ple 
